D:\C++\DATASTRUCTURE\GRAPH\GRAPH\GRAPH\DEBUG\DIJKSTRA.OBJ
D:\C++\DATASTRUCTURE\GRAPH\GRAPH\GRAPH\DEBUG\GRAPH.OBJ
D:\C++\DATASTRUCTURE\GRAPH\GRAPH\GRAPH\DEBUG\MAIN.OBJ
D:\C++\DATASTRUCTURE\GRAPH\GRAPH\GRAPH\DEBUG\VC110.PDB
D:\C++\DATASTRUCTURE\GRAPH\GRAPH\DEBUG\GRAPH.ILK
D:\C++\DATASTRUCTURE\GRAPH\GRAPH\DEBUG\GRAPH.EXE
D:\C++\DATASTRUCTURE\GRAPH\GRAPH\DEBUG\GRAPH.PDB
D:\c++\dataStructure\Graph\graph\graph\Debug\dijkstra.obj
D:\c++\dataStructure\Graph\graph\graph\Debug\graph.obj
D:\c++\dataStructure\Graph\graph\graph\Debug\main.obj
D:\c++\dataStructure\Graph\graph\graph\Debug\cl.command.1.tlog
D:\c++\dataStructure\Graph\graph\graph\Debug\CL.read.1.tlog
D:\c++\dataStructure\Graph\graph\graph\Debug\CL.write.1.tlog
D:\c++\dataStructure\Graph\graph\graph\Debug\link-cvtres.read.1.tlog
D:\c++\dataStructure\Graph\graph\graph\Debug\link-cvtres.write.1.tlog
D:\c++\dataStructure\Graph\graph\graph\Debug\link-rc.read.1.tlog
D:\c++\dataStructure\Graph\graph\graph\Debug\link-rc.write.1.tlog
D:\c++\dataStructure\Graph\graph\graph\Debug\link.35028-cvtres.read.1.tlog
D:\c++\dataStructure\Graph\graph\graph\Debug\link.35028-cvtres.write.1.tlog
D:\c++\dataStructure\Graph\graph\graph\Debug\link.35028-rc.read.1.tlog
D:\c++\dataStructure\Graph\graph\graph\Debug\link.35028-rc.write.1.tlog
D:\c++\dataStructure\Graph\graph\graph\Debug\link.35028.read.1.tlog
D:\c++\dataStructure\Graph\graph\graph\Debug\link.35028.write.1.tlog
D:\c++\dataStructure\Graph\graph\graph\Debug\link.84500-cvtres.read.1.tlog
D:\c++\dataStructure\Graph\graph\graph\Debug\link.84500-cvtres.write.1.tlog
D:\c++\dataStructure\Graph\graph\graph\Debug\link.84500-rc.read.1.tlog
D:\c++\dataStructure\Graph\graph\graph\Debug\link.84500-rc.write.1.tlog
D:\c++\dataStructure\Graph\graph\graph\Debug\link.84500.read.1.tlog
D:\c++\dataStructure\Graph\graph\graph\Debug\link.84500.write.1.tlog
D:\c++\dataStructure\Graph\graph\graph\Debug\link.command.1.tlog
D:\c++\dataStructure\Graph\graph\graph\Debug\link.read.1.tlog
D:\c++\dataStructure\Graph\graph\graph\Debug\link.write.1.tlog
D:\c++\dataStructure\Graph\graph\graph\Debug\vc110.idb
D:\c++\dataStructure\Graph\graph\graph\Debug\vc110.pdb
D:\c++\dataStructure\Graph\graph\Debug\graph.pdb
D:\c++\dataStructure\Graph\graph\Debug\graph.exe
D:\c++\dataStructure\Graph\graph\Debug\graph.ilk
