D:\C++\DATASTRUCTURE\TREE1\TREE\TREE\DEBUG\MAIN.OBJ
D:\C++\DATASTRUCTURE\TREE1\TREE\TREE\DEBUG\TREE.OBJ
D:\C++\DATASTRUCTURE\TREE1\TREE\TREE\DEBUG\VC110.PDB
D:\C++\DATASTRUCTURE\TREE1\TREE\DEBUG\TREE.ILK
D:\C++\DATASTRUCTURE\TREE1\TREE\DEBUG\TREE.EXE
D:\C++\DATASTRUCTURE\TREE1\TREE\DEBUG\TREE.PDB
D:\c++\dataStructure\Tree1\Tree\Tree\Debug\main.obj
D:\c++\dataStructure\Tree1\Tree\Tree\Debug\tree.obj
D:\c++\dataStructure\Tree1\Tree\Tree\Debug\cl.command.1.tlog
D:\c++\dataStructure\Tree1\Tree\Tree\Debug\CL.read.1.tlog
D:\c++\dataStructure\Tree1\Tree\Tree\Debug\CL.write.1.tlog
D:\c++\dataStructure\Tree1\Tree\Tree\Debug\link-cvtres.read.1.tlog
D:\c++\dataStructure\Tree1\Tree\Tree\Debug\link-cvtres.write.1.tlog
D:\c++\dataStructure\Tree1\Tree\Tree\Debug\link-rc.read.1.tlog
D:\c++\dataStructure\Tree1\Tree\Tree\Debug\link-rc.write.1.tlog
D:\c++\dataStructure\Tree1\Tree\Tree\Debug\link.command.1.tlog
D:\c++\dataStructure\Tree1\Tree\Tree\Debug\link.read.1.tlog
D:\c++\dataStructure\Tree1\Tree\Tree\Debug\link.write.1.tlog
D:\c++\dataStructure\Tree1\Tree\Tree\Debug\vc110.idb
D:\c++\dataStructure\Tree1\Tree\Tree\Debug\vc110.pdb
D:\c++\dataStructure\Tree1\Tree\Debug\Tree.pdb
D:\c++\dataStructure\Tree1\Tree\Debug\Tree.exe
D:\c++\dataStructure\Tree1\Tree\Debug\Tree.ilk
