D:\C++\DATASTRUCTURE\CARRAY\CARRAY\CARRAY\DEBUG\ARRAY.OBJ
D:\C++\DATASTRUCTURE\CARRAY\CARRAY\CARRAY\DEBUG\CARRAY.OBJ
D:\C++\DATASTRUCTURE\CARRAY\CARRAY\CARRAY\DEBUG\VC110.PDB
D:\C++\DATASTRUCTURE\CARRAY\CARRAY\DEBUG\CARRAY.ILK
D:\C++\DATASTRUCTURE\CARRAY\CARRAY\DEBUG\CARRAY.EXE
D:\C++\DATASTRUCTURE\CARRAY\CARRAY\DEBUG\CARRAY.PDB
D:\c++\dataStructure\cArray\cArray\cArray\Debug\array.obj
D:\c++\dataStructure\cArray\cArray\cArray\Debug\cArray.obj
D:\c++\dataStructure\cArray\cArray\cArray\Debug\cl.command.1.tlog
D:\c++\dataStructure\cArray\cArray\cArray\Debug\CL.read.1.tlog
D:\c++\dataStructure\cArray\cArray\cArray\Debug\CL.write.1.tlog
D:\c++\dataStructure\cArray\cArray\cArray\Debug\link-cvtres.read.1.tlog
D:\c++\dataStructure\cArray\cArray\cArray\Debug\link-cvtres.write.1.tlog
D:\c++\dataStructure\cArray\cArray\cArray\Debug\link-rc.read.1.tlog
D:\c++\dataStructure\cArray\cArray\cArray\Debug\link-rc.write.1.tlog
D:\c++\dataStructure\cArray\cArray\cArray\Debug\link.command.1.tlog
D:\c++\dataStructure\cArray\cArray\cArray\Debug\link.read.1.tlog
D:\c++\dataStructure\cArray\cArray\cArray\Debug\link.write.1.tlog
D:\c++\dataStructure\cArray\cArray\cArray\Debug\vc110.idb
D:\c++\dataStructure\cArray\cArray\cArray\Debug\vc110.pdb
D:\c++\dataStructure\cArray\cArray\Debug\cArray.pdb
D:\c++\dataStructure\cArray\cArray\Debug\cArray.exe
D:\c++\dataStructure\cArray\cArray\Debug\cArray.ilk
